{"C:\\Users\\Jere\\Desktop\\project\\pokedex\\src\\api\\config.js": {"path":"C:\\Users\\Jere\\Desktop\\project\\pokedex\\src\\api\\config.js","statementMap":{"0":{"start":{"line":3,"column":24},"end":{"line":8,"column":2}}},"fnMap":{},"branchMap":{},"s":{"0":3},"f":{},"b":{},"_coverageSchema":"1a1c01bbd47fc00a2c39e90264f33305004495a9","hash":"4fb7f31979f264d1cf52162214688de31a48b2bb"}
,"C:\\Users\\Jere\\Desktop\\project\\pokedex\\src\\api\\pokemonAPI.js": {"path":"C:\\Users\\Jere\\Desktop\\project\\pokedex\\src\\api\\pokemonAPI.js","statementMap":{"0":{"start":{"line":4,"column":2},"end":{"line":4,"column":113}},"1":{"start":{"line":8,"column":31},"end":{"line":8,"column":86}},"2":{"start":{"line":9,"column":30},"end":{"line":9,"column":67}},"3":{"start":{"line":10,"column":31},"end":{"line":10,"column":76}},"4":{"start":{"line":11,"column":33},"end":{"line":11,"column":78}}},"fnMap":{"0":{"name":"limit","decl":{"start":{"line":3,"column":9},"end":{"line":3,"column":14}},"loc":{"start":{"line":3,"column":30},"end":{"line":5,"column":1}},"line":3},"1":{"name":"(anonymous_1)","decl":{"start":{"line":8,"column":12},"end":{"line":8,"column":13}},"loc":{"start":{"line":8,"column":31},"end":{"line":8,"column":86}},"line":8},"2":{"name":"(anonymous_2)","decl":{"start":{"line":9,"column":22},"end":{"line":9,"column":23}},"loc":{"start":{"line":9,"column":30},"end":{"line":9,"column":67}},"line":9},"3":{"name":"(anonymous_3)","decl":{"start":{"line":10,"column":23},"end":{"line":10,"column":24}},"loc":{"start":{"line":10,"column":31},"end":{"line":10,"column":76}},"line":10},"4":{"name":"(anonymous_4)","decl":{"start":{"line":11,"column":25},"end":{"line":11,"column":26}},"loc":{"start":{"line":11,"column":33},"end":{"line":11,"column":78}},"line":11}},"branchMap":{"0":{"loc":{"start":{"line":4,"column":9},"end":{"line":4,"column":112}},"type":"cond-expr","locations":[{"start":{"line":4,"column":18},"end":{"line":4,"column":48}},{"start":{"line":4,"column":51},"end":{"line":4,"column":112}}],"line":4}},"s":{"0":0,"1":0,"2":0,"3":0,"4":0},"f":{"0":0,"1":0,"2":0,"3":0,"4":0},"b":{"0":[0,0]},"_coverageSchema":"1a1c01bbd47fc00a2c39e90264f33305004495a9","hash":"d766353b6778c174fa7881438ba62fdb0fc14875"}
,"C:\\Users\\Jere\\Desktop\\project\\pokedex\\src\\components\\App\\App.js": {"path":"C:\\Users\\Jere\\Desktop\\project\\pokedex\\src\\components\\App\\App.js","statementMap":{"0":{"start":{"line":13,"column":2},"end":{"line":29,"column":4}}},"fnMap":{"0":{"name":"App","decl":{"start":{"line":12,"column":24},"end":{"line":12,"column":27}},"loc":{"start":{"line":12,"column":30},"end":{"line":30,"column":1}},"line":12}},"branchMap":{},"s":{"0":1},"f":{"0":1},"b":{},"_coverageSchema":"1a1c01bbd47fc00a2c39e90264f33305004495a9","hash":"c69781181082a6955c8b5cf73520e118027ba120"}
,"C:\\Users\\Jere\\Desktop\\project\\pokedex\\src\\components\\Loader\\Loader.js": {"path":"C:\\Users\\Jere\\Desktop\\project\\pokedex\\src\\components\\Loader\\Loader.js","statementMap":{"0":{"start":{"line":8,"column":16},"end":{"line":8,"column":65}},"1":{"start":{"line":11,"column":2},"end":{"line":15,"column":4}}},"fnMap":{"0":{"name":"Loader","decl":{"start":{"line":10,"column":24},"end":{"line":10,"column":30}},"loc":{"start":{"line":10,"column":33},"end":{"line":16,"column":1}},"line":10}},"branchMap":{},"s":{"0":4,"1":1},"f":{"0":1},"b":{},"_coverageSchema":"1a1c01bbd47fc00a2c39e90264f33305004495a9","hash":"39b98fb0a79e9f6967c2d37f736f75adf642abe8"}
,"C:\\Users\\Jere\\Desktop\\project\\pokedex\\src\\components\\Page404\\Page404.js": {"path":"C:\\Users\\Jere\\Desktop\\project\\pokedex\\src\\components\\Page404\\Page404.js","statementMap":{"0":{"start":{"line":4,"column":2},"end":{"line":10,"column":4}}},"fnMap":{"0":{"name":"Page404","decl":{"start":{"line":3,"column":24},"end":{"line":3,"column":31}},"loc":{"start":{"line":3,"column":34},"end":{"line":11,"column":1}},"line":3}},"branchMap":{},"s":{"0":2},"f":{"0":2},"b":{},"_coverageSchema":"1a1c01bbd47fc00a2c39e90264f33305004495a9","hash":"d2b6d9dfe1a87f2676454159637c18dfc47a8ef3"}
,"C:\\Users\\Jere\\Desktop\\project\\pokedex\\src\\components\\Pagination\\Pagination.js": {"path":"C:\\Users\\Jere\\Desktop\\project\\pokedex\\src\\components\\Pagination\\Pagination.js","statementMap":{"0":{"start":{"line":14,"column":4},"end":{"line":14,"column":39}},"1":{"start":{"line":17,"column":2},"end":{"line":31,"column":4}},"2":{"start":{"line":34,"column":0},"end":{"line":40,"column":2}},"3":{"start":{"line":42,"column":0},"end":{"line":45,"column":2}}},"fnMap":{"0":{"name":"PaginationBar","decl":{"start":{"line":6,"column":24},"end":{"line":6,"column":37}},"loc":{"start":{"line":12,"column":3},"end":{"line":32,"column":1}},"line":12},"1":{"name":"changePagination","decl":{"start":{"line":13,"column":11},"end":{"line":13,"column":27}},"loc":{"start":{"line":13,"column":46},"end":{"line":15,"column":3}},"line":13}},"branchMap":{"0":{"loc":{"start":{"line":19,"column":7},"end":{"line":29,"column":7}},"type":"binary-expr","locations":[{"start":{"line":19,"column":7},"end":{"line":19,"column":17}},{"start":{"line":20,"column":8},"end":{"line":28,"column":10}}],"line":19}},"s":{"0":1,"1":4,"2":3,"3":3},"f":{"0":4,"1":1},"b":{"0":[4,2]},"_coverageSchema":"1a1c01bbd47fc00a2c39e90264f33305004495a9","hash":"dbaceab61355f22d860ce3efd6dedb5ef143fb99"}
,"C:\\Users\\Jere\\Desktop\\project\\pokedex\\src\\components\\PokemonItem\\PokemonItem.js": {"path":"C:\\Users\\Jere\\Desktop\\project\\pokedex\\src\\components\\PokemonItem\\PokemonItem.js","statementMap":{"0":{"start":{"line":11,"column":21},"end":{"line":11,"column":96}},"1":{"start":{"line":11,"column":31},"end":{"line":11,"column":96}},"2":{"start":{"line":11,"column":49},"end":{"line":11,"column":95}},"3":{"start":{"line":12,"column":2},"end":{"line":37,"column":4}},"4":{"start":{"line":40,"column":0},"end":{"line":49,"column":2}}},"fnMap":{"0":{"name":"PokemonItem","decl":{"start":{"line":10,"column":24},"end":{"line":10,"column":35}},"loc":{"start":{"line":10,"column":60},"end":{"line":38,"column":1}},"line":10},"1":{"name":"(anonymous_1)","decl":{"start":{"line":11,"column":21},"end":{"line":11,"column":22}},"loc":{"start":{"line":11,"column":31},"end":{"line":11,"column":96}},"line":11},"2":{"name":"(anonymous_2)","decl":{"start":{"line":11,"column":40},"end":{"line":11,"column":41}},"loc":{"start":{"line":11,"column":49},"end":{"line":11,"column":95}},"line":11}},"branchMap":{"0":{"loc":{"start":{"line":17,"column":10},"end":{"line":19,"column":87}},"type":"cond-expr","locations":[{"start":{"line":18,"column":14},"end":{"line":18,"column":44}},{"start":{"line":19,"column":14},"end":{"line":19,"column":87}}],"line":17}},"s":{"0":3,"1":3,"2":6,"3":3,"4":3},"f":{"0":3,"1":3,"2":6},"b":{"0":[3,0]},"_coverageSchema":"1a1c01bbd47fc00a2c39e90264f33305004495a9","hash":"74c9c7f721fd7f4377c82ca6bc0ee5ac510450d5"}
,"C:\\Users\\Jere\\Desktop\\project\\pokedex\\src\\components\\PokemonStats\\PokemonInfos.js": {"path":"C:\\Users\\Jere\\Desktop\\project\\pokedex\\src\\components\\PokemonStats\\PokemonInfos.js","statementMap":{"0":{"start":{"line":7,"column":28},"end":{"line":23,"column":1}},"1":{"start":{"line":8,"column":2},"end":{"line":22,"column":8}},"2":{"start":{"line":15,"column":28},"end":{"line":15,"column":37}},"3":{"start":{"line":20,"column":26},"end":{"line":20,"column":52}},"4":{"start":{"line":25,"column":28},"end":{"line":47,"column":1}},"5":{"start":{"line":26,"column":2},"end":{"line":46,"column":8}},"6":{"start":{"line":33,"column":28},"end":{"line":33,"column":62}},"7":{"start":{"line":39,"column":33},"end":{"line":39,"column":67}},"8":{"start":{"line":44,"column":26},"end":{"line":44,"column":52}},"9":{"start":{"line":49,"column":32},"end":{"line":83,"column":1}},"10":{"start":{"line":50,"column":2},"end":{"line":82,"column":4}},"11":{"start":{"line":56,"column":26},"end":{"line":56,"column":30}},"12":{"start":{"line":62,"column":31},"end":{"line":62,"column":40}},"13":{"start":{"line":68,"column":31},"end":{"line":68,"column":40}},"14":{"start":{"line":72,"column":6},"end":{"line":74,"column":8}},"15":{"start":{"line":73,"column":23},"end":{"line":73,"column":49}},"16":{"start":{"line":77,"column":6},"end":{"line":77,"column":73}},"17":{"start":{"line":85,"column":0},"end":{"line":93,"column":2}},"18":{"start":{"line":95,"column":0},"end":{"line":106,"column":2}},"19":{"start":{"line":108,"column":0},"end":{"line":121,"column":2}}},"fnMap":{"0":{"name":"(anonymous_0)","decl":{"start":{"line":7,"column":28},"end":{"line":7,"column":29}},"loc":{"start":{"line":8,"column":2},"end":{"line":22,"column":8}},"line":8},"1":{"name":"(anonymous_1)","decl":{"start":{"line":15,"column":18},"end":{"line":15,"column":19}},"loc":{"start":{"line":15,"column":28},"end":{"line":15,"column":37}},"line":15},"2":{"name":"(anonymous_2)","decl":{"start":{"line":20,"column":14},"end":{"line":20,"column":15}},"loc":{"start":{"line":20,"column":26},"end":{"line":20,"column":52}},"line":20},"3":{"name":"(anonymous_3)","decl":{"start":{"line":25,"column":28},"end":{"line":25,"column":29}},"loc":{"start":{"line":26,"column":2},"end":{"line":46,"column":8}},"line":26},"4":{"name":"(anonymous_4)","decl":{"start":{"line":33,"column":18},"end":{"line":33,"column":19}},"loc":{"start":{"line":33,"column":28},"end":{"line":33,"column":62}},"line":33},"5":{"name":"(anonymous_5)","decl":{"start":{"line":39,"column":18},"end":{"line":39,"column":19}},"loc":{"start":{"line":39,"column":33},"end":{"line":39,"column":67}},"line":39},"6":{"name":"(anonymous_6)","decl":{"start":{"line":44,"column":14},"end":{"line":44,"column":15}},"loc":{"start":{"line":44,"column":26},"end":{"line":44,"column":52}},"line":44},"7":{"name":"(anonymous_7)","decl":{"start":{"line":49,"column":32},"end":{"line":49,"column":33}},"loc":{"start":{"line":50,"column":2},"end":{"line":82,"column":4}},"line":50},"8":{"name":"(anonymous_8)","decl":{"start":{"line":56,"column":16},"end":{"line":56,"column":17}},"loc":{"start":{"line":56,"column":26},"end":{"line":56,"column":30}},"line":56},"9":{"name":"(anonymous_9)","decl":{"start":{"line":62,"column":16},"end":{"line":62,"column":17}},"loc":{"start":{"line":62,"column":31},"end":{"line":62,"column":40}},"line":62},"10":{"name":"(anonymous_10)","decl":{"start":{"line":68,"column":16},"end":{"line":68,"column":17}},"loc":{"start":{"line":68,"column":31},"end":{"line":68,"column":40}},"line":68},"11":{"name":"(anonymous_11)","decl":{"start":{"line":71,"column":11},"end":{"line":71,"column":12}},"loc":{"start":{"line":71,"column":23},"end":{"line":75,"column":5}},"line":71},"12":{"name":"(anonymous_12)","decl":{"start":{"line":73,"column":17},"end":{"line":73,"column":18}},"loc":{"start":{"line":73,"column":23},"end":{"line":73,"column":49}},"line":73},"13":{"name":"(anonymous_13)","decl":{"start":{"line":76,"column":18},"end":{"line":76,"column":19}},"loc":{"start":{"line":77,"column":6},"end":{"line":77,"column":73}},"line":77}},"branchMap":{"0":{"loc":{"start":{"line":77,"column":9},"end":{"line":77,"column":56}},"type":"cond-expr","locations":[{"start":{"line":77,"column":42},"end":{"line":77,"column":51}},{"start":{"line":77,"column":54},"end":{"line":77,"column":56}}],"line":77}},"s":{"0":3,"1":1,"2":2,"3":5,"4":3,"5":1,"6":12,"7":12,"8":30,"9":3,"10":2,"11":12,"12":12,"13":12,"14":12,"15":1,"16":12,"17":3,"18":3,"19":3},"f":{"0":1,"1":2,"2":5,"3":1,"4":12,"5":12,"6":30,"7":2,"8":12,"9":12,"10":12,"11":12,"12":1,"13":12},"b":{"0":[4,8]},"_coverageSchema":"1a1c01bbd47fc00a2c39e90264f33305004495a9","hash":"fd9b2fd3dd44310cf5eab4b30a0f878534339bdd"}
,"C:\\Users\\Jere\\Desktop\\project\\pokedex\\src\\features\\pokemonProfil\\PokemonProfil.js": {"path":"C:\\Users\\Jere\\Desktop\\project\\pokedex\\src\\features\\pokemonProfil\\PokemonProfil.js","statementMap":{"0":{"start":{"line":28,"column":20},"end":{"line":28,"column":24}},"1":{"start":{"line":31,"column":19},"end":{"line":31,"column":30}},"2":{"start":{"line":32,"column":19},"end":{"line":32,"column":32}},"3":{"start":{"line":33,"column":18},"end":{"line":33,"column":30}},"4":{"start":{"line":34,"column":40},"end":{"line":34,"column":83}},"5":{"start":{"line":34,"column":63},"end":{"line":34,"column":82}},"6":{"start":{"line":36,"column":2},"end":{"line":41,"column":17}},"7":{"start":{"line":37,"column":4},"end":{"line":37,"column":43}},"8":{"start":{"line":38,"column":4},"end":{"line":40,"column":6}},"9":{"start":{"line":39,"column":6},"end":{"line":39,"column":29}},"10":{"start":{"line":44,"column":4},"end":{"line":44,"column":22}},"11":{"start":{"line":48,"column":4},"end":{"line":48,"column":65}},"12":{"start":{"line":51,"column":2},"end":{"line":98,"column":4}},"13":{"start":{"line":58,"column":28},"end":{"line":58,"column":44}}},"fnMap":{"0":{"name":"PokemonProfil","decl":{"start":{"line":30,"column":24},"end":{"line":30,"column":37}},"loc":{"start":{"line":30,"column":40},"end":{"line":99,"column":1}},"line":30},"1":{"name":"(anonymous_1)","decl":{"start":{"line":34,"column":52},"end":{"line":34,"column":53}},"loc":{"start":{"line":34,"column":63},"end":{"line":34,"column":82}},"line":34},"2":{"name":"(anonymous_2)","decl":{"start":{"line":36,"column":12},"end":{"line":36,"column":13}},"loc":{"start":{"line":36,"column":18},"end":{"line":41,"column":3}},"line":36},"3":{"name":"(anonymous_3)","decl":{"start":{"line":38,"column":11},"end":{"line":38,"column":12}},"loc":{"start":{"line":38,"column":17},"end":{"line":40,"column":5}},"line":38},"4":{"name":"redirectToList","decl":{"start":{"line":43,"column":11},"end":{"line":43,"column":25}},"loc":{"start":{"line":43,"column":28},"end":{"line":45,"column":3}},"line":43},"5":{"name":"changePokemon","decl":{"start":{"line":47,"column":11},"end":{"line":47,"column":24}},"loc":{"start":{"line":47,"column":38},"end":{"line":49,"column":3}},"line":47},"6":{"name":"(anonymous_6)","decl":{"start":{"line":58,"column":22},"end":{"line":58,"column":23}},"loc":{"start":{"line":58,"column":28},"end":{"line":58,"column":44}},"line":58}},"branchMap":{"0":{"loc":{"start":{"line":53,"column":7},"end":{"line":53,"column":28}},"type":"binary-expr","locations":[{"start":{"line":53,"column":7},"end":{"line":53,"column":14}},{"start":{"line":53,"column":18},"end":{"line":53,"column":28}}],"line":53},"1":{"loc":{"start":{"line":54,"column":7},"end":{"line":96,"column":7}},"type":"binary-expr","locations":[{"start":{"line":54,"column":7},"end":{"line":54,"column":15}},{"start":{"line":55,"column":8},"end":{"line":95,"column":11}}],"line":54}},"s":{"0":2,"1":2,"2":2,"3":2,"4":2,"5":0,"6":2,"7":0,"8":0,"9":0,"10":0,"11":0,"12":2,"13":0},"f":{"0":2,"1":0,"2":0,"3":0,"4":0,"5":0,"6":0},"b":{"0":[2,0],"1":[2,2]},"_coverageSchema":"1a1c01bbd47fc00a2c39e90264f33305004495a9","hash":"38041cf40060606750b672724f567082df669528"}
,"C:\\Users\\Jere\\Desktop\\project\\pokedex\\src\\features\\pokemonProfil\\PokemonProfilSlice.js": {"path":"C:\\Users\\Jere\\Desktop\\project\\pokedex\\src\\features\\pokemonProfil\\PokemonProfilSlice.js","statementMap":{"0":{"start":{"line":4,"column":21},"end":{"line":8,"column":1}},"1":{"start":{"line":10,"column":34},"end":{"line":33,"column":1}},"2":{"start":{"line":13,"column":4},"end":{"line":31,"column":5}},"3":{"start":{"line":14,"column":6},"end":{"line":16,"column":7}},"4":{"start":{"line":15,"column":8},"end":{"line":15,"column":42}},"5":{"start":{"line":17,"column":22},"end":{"line":17,"column":63}},"6":{"start":{"line":18,"column":29},"end":{"line":18,"column":92}},"7":{"start":{"line":18,"column":81},"end":{"line":18,"column":91}},"8":{"start":{"line":19,"column":31},"end":{"line":20,"column":34}},"9":{"start":{"line":20,"column":23},"end":{"line":20,"column":33}},"10":{"start":{"line":22,"column":6},"end":{"line":25,"column":8}},"11":{"start":{"line":27,"column":6},"end":{"line":29,"column":7}},"12":{"start":{"line":28,"column":8},"end":{"line":28,"column":18}},"13":{"start":{"line":30,"column":6},"end":{"line":30,"column":48}},"14":{"start":{"line":41,"column":27},"end":{"line":60,"column":2}},"15":{"start":{"line":45,"column":22},"end":{"line":45,"column":34}},"16":{"start":{"line":49,"column":6},"end":{"line":49,"column":41}},"17":{"start":{"line":50,"column":6},"end":{"line":50,"column":49}},"18":{"start":{"line":51,"column":6},"end":{"line":51,"column":28}},"19":{"start":{"line":54,"column":6},"end":{"line":54,"column":27}},"20":{"start":{"line":57,"column":6},"end":{"line":57,"column":28}},"21":{"start":{"line":62,"column":30},"end":{"line":62,"column":56}}},"fnMap":{"0":{"name":"(anonymous_0)","decl":{"start":{"line":12,"column":2},"end":{"line":12,"column":3}},"loc":{"start":{"line":12,"column":52},"end":{"line":32,"column":3}},"line":12},"1":{"name":"(anonymous_1)","decl":{"start":{"line":18,"column":72},"end":{"line":18,"column":73}},"loc":{"start":{"line":18,"column":81},"end":{"line":18,"column":91}},"line":18},"2":{"name":"(anonymous_2)","decl":{"start":{"line":20,"column":14},"end":{"line":20,"column":15}},"loc":{"start":{"line":20,"column":23},"end":{"line":20,"column":33}},"line":20},"3":{"name":"(anonymous_3)","decl":{"start":{"line":45,"column":16},"end":{"line":45,"column":17}},"loc":{"start":{"line":45,"column":22},"end":{"line":45,"column":34}},"line":45},"4":{"name":"(anonymous_4)","decl":{"start":{"line":48,"column":36},"end":{"line":48,"column":37}},"loc":{"start":{"line":48,"column":55},"end":{"line":52,"column":5}},"line":48},"5":{"name":"(anonymous_5)","decl":{"start":{"line":53,"column":34},"end":{"line":53,"column":35}},"loc":{"start":{"line":53,"column":45},"end":{"line":55,"column":5}},"line":53},"6":{"name":"(anonymous_6)","decl":{"start":{"line":56,"column":35},"end":{"line":56,"column":36}},"loc":{"start":{"line":56,"column":46},"end":{"line":58,"column":5}},"line":56}},"branchMap":{"0":{"loc":{"start":{"line":14,"column":6},"end":{"line":16,"column":7}},"type":"if","locations":[{"start":{"line":14,"column":6},"end":{"line":16,"column":7}},{"start":{"line":14,"column":6},"end":{"line":16,"column":7}}],"line":14},"1":{"loc":{"start":{"line":27,"column":6},"end":{"line":29,"column":7}},"type":"if","locations":[{"start":{"line":27,"column":6},"end":{"line":29,"column":7}},{"start":{"line":27,"column":6},"end":{"line":29,"column":7}}],"line":27}},"s":{"0":2,"1":2,"2":0,"3":0,"4":0,"5":0,"6":0,"7":0,"8":0,"9":0,"10":0,"11":0,"12":0,"13":0,"14":2,"15":0,"16":0,"17":0,"18":0,"19":0,"20":0,"21":2},"f":{"0":0,"1":0,"2":0,"3":0,"4":0,"5":0,"6":0},"b":{"0":[0,0],"1":[0,0]},"_coverageSchema":"1a1c01bbd47fc00a2c39e90264f33305004495a9","hash":"df4fae654e9757f2dcf52412b74f98d17fb858ab"}
,"C:\\Users\\Jere\\Desktop\\project\\pokedex\\src\\features\\pokemons\\PokemonsList.js": {"path":"C:\\Users\\Jere\\Desktop\\project\\pokedex\\src\\features\\pokemons\\PokemonsList.js","statementMap":{"0":{"start":{"line":14,"column":36},"end":{"line":14,"column":42}},"1":{"start":{"line":17,"column":19},"end":{"line":17,"column":32}},"2":{"start":{"line":24,"column":6},"end":{"line":24,"column":44}},"3":{"start":{"line":24,"column":29},"end":{"line":24,"column":43}},"4":{"start":{"line":25,"column":38},"end":{"line":25,"column":68}},"5":{"start":{"line":26,"column":40},"end":{"line":26,"column":69}},"6":{"start":{"line":28,"column":2},"end":{"line":33,"column":42}},"7":{"start":{"line":29,"column":4},"end":{"line":29,"column":57}},"8":{"start":{"line":30,"column":4},"end":{"line":32,"column":6}},"9":{"start":{"line":31,"column":6},"end":{"line":31,"column":29}},"10":{"start":{"line":36,"column":4},"end":{"line":55,"column":6}},"11":{"start":{"line":38,"column":8},"end":{"line":53,"column":14}},"12":{"start":{"line":59,"column":4},"end":{"line":59,"column":25}},"13":{"start":{"line":60,"column":4},"end":{"line":60,"column":30}},"14":{"start":{"line":63,"column":2},"end":{"line":88,"column":4}}},"fnMap":{"0":{"name":"PokemonsList","decl":{"start":{"line":16,"column":9},"end":{"line":16,"column":21}},"loc":{"start":{"line":16,"column":24},"end":{"line":89,"column":1}},"line":16},"1":{"name":"(anonymous_1)","decl":{"start":{"line":24,"column":18},"end":{"line":24,"column":19}},"loc":{"start":{"line":24,"column":29},"end":{"line":24,"column":43}},"line":24},"2":{"name":"(anonymous_2)","decl":{"start":{"line":28,"column":12},"end":{"line":28,"column":13}},"loc":{"start":{"line":28,"column":18},"end":{"line":33,"column":3}},"line":28},"3":{"name":"(anonymous_3)","decl":{"start":{"line":30,"column":11},"end":{"line":30,"column":12}},"loc":{"start":{"line":30,"column":17},"end":{"line":32,"column":5}},"line":30},"4":{"name":"renderPokemonItems","decl":{"start":{"line":35,"column":11},"end":{"line":35,"column":29}},"loc":{"start":{"line":35,"column":44},"end":{"line":56,"column":3}},"line":35},"5":{"name":"(anonymous_5)","decl":{"start":{"line":37,"column":6},"end":{"line":37,"column":7}},"loc":{"start":{"line":38,"column":8},"end":{"line":53,"column":14}},"line":38},"6":{"name":"handlePagination","decl":{"start":{"line":58,"column":11},"end":{"line":58,"column":27}},"loc":{"start":{"line":58,"column":46},"end":{"line":61,"column":3}},"line":58}},"branchMap":{"0":{"loc":{"start":{"line":25,"column":47},"end":{"line":25,"column":67}},"type":"binary-expr","locations":[{"start":{"line":25,"column":47},"end":{"line":25,"column":61}},{"start":{"line":25,"column":65},"end":{"line":25,"column":67}}],"line":25},"1":{"loc":{"start":{"line":26,"column":49},"end":{"line":26,"column":68}},"type":"binary-expr","locations":[{"start":{"line":26,"column":49},"end":{"line":26,"column":63}},{"start":{"line":26,"column":67},"end":{"line":26,"column":68}}],"line":26},"2":{"loc":{"start":{"line":65,"column":8},"end":{"line":65,"column":29}},"type":"binary-expr","locations":[{"start":{"line":65,"column":8},"end":{"line":65,"column":15}},{"start":{"line":65,"column":19},"end":{"line":65,"column":29}}],"line":65},"3":{"loc":{"start":{"line":73,"column":12},"end":{"line":75,"column":11}},"type":"binary-expr","locations":[{"start":{"line":73,"column":12},"end":{"line":73,"column":20}},{"start":{"line":73,"column":24},"end":{"line":73,"column":32}},{"start":{"line":74,"column":12},"end":{"line":74,"column":40}}],"line":73}},"s":{"0":2,"1":2,"2":2,"3":0,"4":2,"5":2,"6":2,"7":2,"8":2,"9":2,"10":0,"11":0,"12":0,"13":0,"14":2},"f":{"0":2,"1":0,"2":2,"3":2,"4":0,"5":0,"6":0},"b":{"0":[2,2],"1":[2,2],"2":[2,0],"3":[2,0,0]},"_coverageSchema":"1a1c01bbd47fc00a2c39e90264f33305004495a9","hash":"a843953a1d82ed583639b019c049ee1a7e32c293"}
,"C:\\Users\\Jere\\Desktop\\project\\pokedex\\src\\features\\pokemons\\PokemonsSlice.js": {"path":"C:\\Users\\Jere\\Desktop\\project\\pokedex\\src\\features\\pokemons\\PokemonsSlice.js","statementMap":{"0":{"start":{"line":4,"column":29},"end":{"line":26,"column":1}},"1":{"start":{"line":7,"column":4},"end":{"line":24,"column":5}},"2":{"start":{"line":8,"column":26},"end":{"line":8,"column":76}},"3":{"start":{"line":9,"column":22},"end":{"line":14,"column":7}},"4":{"start":{"line":11,"column":23},"end":{"line":11,"column":72}},"5":{"start":{"line":12,"column":10},"end":{"line":12,"column":27}},"6":{"start":{"line":15,"column":23},"end":{"line":20,"column":7}},"7":{"start":{"line":21,"column":6},"end":{"line":21,"column":22}},"8":{"start":{"line":23,"column":6},"end":{"line":23,"column":48}},"9":{"start":{"line":28,"column":21},"end":{"line":38,"column":1}},"10":{"start":{"line":46,"column":26},"end":{"line":72,"column":2}},"11":{"start":{"line":51,"column":6},"end":{"line":51,"column":26}},"12":{"start":{"line":56,"column":6},"end":{"line":56,"column":55}},"13":{"start":{"line":57,"column":6},"end":{"line":57,"column":56}},"14":{"start":{"line":58,"column":6},"end":{"line":58,"column":28}},"15":{"start":{"line":59,"column":6},"end":{"line":59,"column":41}},"16":{"start":{"line":60,"column":6},"end":{"line":60,"column":43}},"17":{"start":{"line":61,"column":6},"end":{"line":61,"column":51}},"18":{"start":{"line":62,"column":6},"end":{"line":62,"column":46}},"19":{"start":{"line":65,"column":6},"end":{"line":65,"column":27}},"20":{"start":{"line":68,"column":6},"end":{"line":68,"column":28}},"21":{"start":{"line":69,"column":6},"end":{"line":69,"column":42}},"22":{"start":{"line":74,"column":30},"end":{"line":74,"column":55}}},"fnMap":{"0":{"name":"(anonymous_0)","decl":{"start":{"line":6,"column":2},"end":{"line":6,"column":3}},"loc":{"start":{"line":6,"column":62},"end":{"line":25,"column":3}},"line":6},"1":{"name":"(anonymous_1)","decl":{"start":{"line":10,"column":37},"end":{"line":10,"column":38}},"loc":{"start":{"line":10,"column":56},"end":{"line":13,"column":9}},"line":10},"2":{"name":"(anonymous_2)","decl":{"start":{"line":50,"column":4},"end":{"line":50,"column":5}},"loc":{"start":{"line":50,"column":22},"end":{"line":52,"column":5}},"line":50},"3":{"name":"(anonymous_3)","decl":{"start":{"line":55,"column":31},"end":{"line":55,"column":32}},"loc":{"start":{"line":55,"column":50},"end":{"line":63,"column":5}},"line":55},"4":{"name":"(anonymous_4)","decl":{"start":{"line":64,"column":29},"end":{"line":64,"column":30}},"loc":{"start":{"line":64,"column":40},"end":{"line":66,"column":5}},"line":64},"5":{"name":"(anonymous_5)","decl":{"start":{"line":67,"column":30},"end":{"line":67,"column":31}},"loc":{"start":{"line":67,"column":49},"end":{"line":70,"column":5}},"line":67}},"branchMap":{},"s":{"0":2,"1":0,"2":0,"3":0,"4":0,"5":0,"6":0,"7":0,"8":0,"9":2,"10":2,"11":0,"12":0,"13":0,"14":0,"15":0,"16":0,"17":0,"18":0,"19":0,"20":0,"21":0,"22":2},"f":{"0":0,"1":0,"2":0,"3":0,"4":0,"5":0},"b":{},"_coverageSchema":"1a1c01bbd47fc00a2c39e90264f33305004495a9","hash":"4352d0aab3a0ec9f219f933448d9008283bdd95e"}
,"C:\\Users\\Jere\\Desktop\\project\\pokedex\\src\\helpers\\index.js": {"path":"C:\\Users\\Jere\\Desktop\\project\\pokedex\\src\\helpers\\index.js","statementMap":{"0":{"start":{"line":1,"column":24},"end":{"line":30,"column":1}},"1":{"start":{"line":2,"column":18},"end":{"line":2,"column":29}},"2":{"start":{"line":3,"column":20},"end":{"line":3,"column":43}},"3":{"start":{"line":5,"column":15},"end":{"line":9,"column":3}},"4":{"start":{"line":11,"column":2},"end":{"line":14,"column":3}},"5":{"start":{"line":12,"column":4},"end":{"line":12,"column":60}},"6":{"start":{"line":12,"column":34},"end":{"line":12,"column":60}},"7":{"start":{"line":13,"column":4},"end":{"line":13,"column":77}},"8":{"start":{"line":16,"column":2},"end":{"line":28,"column":3}},"9":{"start":{"line":17,"column":4},"end":{"line":17,"column":11}},"10":{"start":{"line":18,"column":22},"end":{"line":26,"column":6}},"11":{"start":{"line":19,"column":6},"end":{"line":25,"column":8}},"12":{"start":{"line":27,"column":4},"end":{"line":27,"column":44}},"13":{"start":{"line":29,"column":2},"end":{"line":29,"column":17}}},"fnMap":{"0":{"name":"(anonymous_0)","decl":{"start":{"line":1,"column":24},"end":{"line":1,"column":25}},"loc":{"start":{"line":1,"column":53},"end":{"line":30,"column":1}},"line":1},"1":{"name":"(anonymous_1)","decl":{"start":{"line":18,"column":43},"end":{"line":18,"column":44}},"loc":{"start":{"line":18,"column":56},"end":{"line":26,"column":5}},"line":18}},"branchMap":{"0":{"loc":{"start":{"line":1,"column":39},"end":{"line":1,"column":48}},"type":"default-arg","locations":[{"start":{"line":1,"column":47},"end":{"line":1,"column":48}}],"line":1},"1":{"loc":{"start":{"line":2,"column":18},"end":{"line":2,"column":29}},"type":"binary-expr","locations":[{"start":{"line":2,"column":18},"end":{"line":2,"column":23}},{"start":{"line":2,"column":27},"end":{"line":2,"column":29}}],"line":2},"2":{"loc":{"start":{"line":7,"column":15},"end":{"line":7,"column":98}},"type":"cond-expr","locations":[{"start":{"line":7,"column":58},"end":{"line":7,"column":94}},{"start":{"line":7,"column":97},"end":{"line":7,"column":98}}],"line":7},"3":{"loc":{"start":{"line":11,"column":2},"end":{"line":14,"column":3}},"type":"if","locations":[{"start":{"line":11,"column":2},"end":{"line":14,"column":3}},{"start":{"line":11,"column":2},"end":{"line":14,"column":3}}],"line":11},"4":{"loc":{"start":{"line":11,"column":6},"end":{"line":11,"column":51}},"type":"binary-expr","locations":[{"start":{"line":11,"column":6},"end":{"line":11,"column":34}},{"start":{"line":11,"column":38},"end":{"line":11,"column":51}}],"line":11},"5":{"loc":{"start":{"line":12,"column":4},"end":{"line":12,"column":60}},"type":"if","locations":[{"start":{"line":12,"column":4},"end":{"line":12,"column":60}},{"start":{"line":12,"column":4},"end":{"line":12,"column":60}}],"line":12},"6":{"loc":{"start":{"line":16,"column":2},"end":{"line":28,"column":3}},"type":"if","locations":[{"start":{"line":16,"column":2},"end":{"line":28,"column":3}},{"start":{"line":16,"column":2},"end":{"line":28,"column":3}}],"line":16},"7":{"loc":{"start":{"line":21,"column":19},"end":{"line":23,"column":13}},"type":"cond-expr","locations":[{"start":{"line":22,"column":12},"end":{"line":22,"column":50}},{"start":{"line":23,"column":12},"end":{"line":23,"column":13}}],"line":21}},"s":{"0":3,"1":6,"2":6,"3":6,"4":6,"5":6,"6":2,"7":4,"8":0,"9":0,"10":0,"11":0,"12":0,"13":0},"f":{"0":6,"1":0},"b":{"0":[2],"1":[6,2],"2":[4,2],"3":[6,0],"4":[6,6],"5":[2,4],"6":[0,0],"7":[0,0]},"_coverageSchema":"1a1c01bbd47fc00a2c39e90264f33305004495a9","hash":"9e3c0a8c4a4e92c03a60e3ebd49a2be7bf8fde06"}
}
