TN:
SF:src\api\config.js
FNF:0
FNH:0
DA:3,3
LF:1
LH:1
BRF:0
BRH:0
end_of_record
TN:
SF:src\api\pokemonAPI.js
FN:3,limit
FN:8,(anonymous_1)
FN:9,(anonymous_2)
FN:10,(anonymous_3)
FN:11,(anonymous_4)
FNF:5
FNH:0
FNDA:0,limit
FNDA:0,(anonymous_1)
FNDA:0,(anonymous_2)
FNDA:0,(anonymous_3)
FNDA:0,(anonymous_4)
DA:4,0
DA:8,0
DA:9,0
DA:10,0
DA:11,0
LF:5
LH:0
BRDA:4,0,0,0
BRDA:4,0,1,0
BRF:2
BRH:0
end_of_record
TN:
SF:src\components\App\App.js
FN:12,App
FNF:1
FNH:1
FNDA:1,App
DA:13,1
LF:1
LH:1
BRF:0
BRH:0
end_of_record
TN:
SF:src\components\Loader\Loader.js
FN:10,Loader
FNF:1
FNH:1
FNDA:1,Loader
DA:8,4
DA:11,1
LF:2
LH:2
BRF:0
BRH:0
end_of_record
TN:
SF:src\components\Page404\Page404.js
FN:3,Page404
FNF:1
FNH:1
FNDA:2,Page404
DA:4,2
LF:1
LH:1
BRF:0
BRH:0
end_of_record
TN:
SF:src\components\Pagination\Pagination.js
FN:6,PaginationBar
FN:13,changePagination
FNF:2
FNH:2
FNDA:4,PaginationBar
FNDA:1,changePagination
DA:14,1
DA:17,4
DA:34,3
DA:42,3
LF:4
LH:4
BRDA:19,0,0,4
BRDA:19,0,1,2
BRF:2
BRH:2
end_of_record
TN:
SF:src\components\PokemonItem\PokemonItem.js
FN:10,PokemonItem
FN:11,(anonymous_1)
FN:11,(anonymous_2)
FNF:3
FNH:3
FNDA:3,PokemonItem
FNDA:3,(anonymous_1)
FNDA:6,(anonymous_2)
DA:11,6
DA:12,3
DA:40,3
LF:3
LH:3
BRDA:17,0,0,3
BRDA:17,0,1,0
BRF:2
BRH:1
end_of_record
TN:
SF:src\components\PokemonStats\PokemonInfos.js
FN:7,(anonymous_0)
FN:15,(anonymous_1)
FN:20,(anonymous_2)
FN:25,(anonymous_3)
FN:33,(anonymous_4)
FN:39,(anonymous_5)
FN:44,(anonymous_6)
FN:49,(anonymous_7)
FN:56,(anonymous_8)
FN:62,(anonymous_9)
FN:68,(anonymous_10)
FN:71,(anonymous_11)
FN:73,(anonymous_12)
FN:76,(anonymous_13)
FNF:14
FNH:14
FNDA:1,(anonymous_0)
FNDA:2,(anonymous_1)
FNDA:5,(anonymous_2)
FNDA:1,(anonymous_3)
FNDA:12,(anonymous_4)
FNDA:12,(anonymous_5)
FNDA:30,(anonymous_6)
FNDA:2,(anonymous_7)
FNDA:12,(anonymous_8)
FNDA:12,(anonymous_9)
FNDA:12,(anonymous_10)
FNDA:12,(anonymous_11)
FNDA:1,(anonymous_12)
FNDA:12,(anonymous_13)
DA:7,3
DA:8,1
DA:15,2
DA:20,5
DA:25,3
DA:26,1
DA:33,12
DA:39,12
DA:44,30
DA:49,3
DA:50,2
DA:56,12
DA:62,12
DA:68,12
DA:72,12
DA:73,1
DA:77,12
DA:85,3
DA:95,3
DA:108,3
LF:20
LH:20
BRDA:77,0,0,4
BRDA:77,0,1,8
BRF:2
BRH:2
end_of_record
TN:
SF:src\features\pokemonProfil\PokemonProfil.js
FN:30,PokemonProfil
FN:34,(anonymous_1)
FN:36,(anonymous_2)
FN:38,(anonymous_3)
FN:43,redirectToList
FN:47,changePokemon
FN:58,(anonymous_6)
FNF:7
FNH:1
FNDA:2,PokemonProfil
FNDA:0,(anonymous_1)
FNDA:0,(anonymous_2)
FNDA:0,(anonymous_3)
FNDA:0,redirectToList
FNDA:0,changePokemon
FNDA:0,(anonymous_6)
DA:28,2
DA:31,2
DA:32,2
DA:33,2
DA:34,2
DA:36,2
DA:37,0
DA:38,0
DA:39,0
DA:44,0
DA:48,0
DA:51,2
DA:58,0
LF:13
LH:7
BRDA:53,0,0,2
BRDA:53,0,1,0
BRDA:54,1,0,2
BRDA:54,1,1,2
BRF:4
BRH:3
end_of_record
TN:
SF:src\features\pokemonProfil\PokemonProfilSlice.js
FN:12,(anonymous_0)
FN:18,(anonymous_1)
FN:20,(anonymous_2)
FN:45,(anonymous_3)
FN:48,(anonymous_4)
FN:53,(anonymous_5)
FN:56,(anonymous_6)
FNF:7
FNH:0
FNDA:0,(anonymous_0)
FNDA:0,(anonymous_1)
FNDA:0,(anonymous_2)
FNDA:0,(anonymous_3)
FNDA:0,(anonymous_4)
FNDA:0,(anonymous_5)
FNDA:0,(anonymous_6)
DA:4,2
DA:10,2
DA:13,0
DA:14,0
DA:15,0
DA:17,0
DA:18,0
DA:19,0
DA:20,0
DA:22,0
DA:27,0
DA:28,0
DA:30,0
DA:41,2
DA:45,0
DA:49,0
DA:50,0
DA:51,0
DA:54,0
DA:57,0
DA:62,2
LF:21
LH:4
BRDA:14,0,0,0
BRDA:14,0,1,0
BRDA:27,1,0,0
BRDA:27,1,1,0
BRF:4
BRH:0
end_of_record
TN:
SF:src\features\pokemons\PokemonsList.js
FN:16,PokemonsList
FN:24,(anonymous_1)
FN:28,(anonymous_2)
FN:30,(anonymous_3)
FN:35,renderPokemonItems
FN:37,(anonymous_5)
FN:58,handlePagination
FNF:7
FNH:3
FNDA:2,PokemonsList
FNDA:0,(anonymous_1)
FNDA:2,(anonymous_2)
FNDA:2,(anonymous_3)
FNDA:0,renderPokemonItems
FNDA:0,(anonymous_5)
FNDA:0,handlePagination
DA:14,2
DA:17,2
DA:24,2
DA:25,2
DA:26,2
DA:28,2
DA:29,2
DA:30,2
DA:31,2
DA:36,0
DA:38,0
DA:59,0
DA:60,0
DA:63,2
LF:14
LH:10
BRDA:25,0,0,2
BRDA:25,0,1,2
BRDA:26,1,0,2
BRDA:26,1,1,2
BRDA:65,2,0,2
BRDA:65,2,1,0
BRDA:73,3,0,2
BRDA:73,3,1,0
BRDA:73,3,2,0
BRF:9
BRH:6
end_of_record
TN:
SF:src\features\pokemons\PokemonsSlice.js
FN:6,(anonymous_0)
FN:10,(anonymous_1)
FN:50,(anonymous_2)
FN:55,(anonymous_3)
FN:64,(anonymous_4)
FN:67,(anonymous_5)
FNF:6
FNH:0
FNDA:0,(anonymous_0)
FNDA:0,(anonymous_1)
FNDA:0,(anonymous_2)
FNDA:0,(anonymous_3)
FNDA:0,(anonymous_4)
FNDA:0,(anonymous_5)
DA:4,2
DA:7,0
DA:8,0
DA:9,0
DA:11,0
DA:12,0
DA:15,0
DA:21,0
DA:23,0
DA:28,2
DA:46,2
DA:51,0
DA:56,0
DA:57,0
DA:58,0
DA:59,0
DA:60,0
DA:61,0
DA:62,0
DA:65,0
DA:68,0
DA:69,0
DA:74,2
LF:23
LH:4
BRF:0
BRH:0
end_of_record
TN:
SF:src\helpers\index.js
FN:1,(anonymous_0)
FN:18,(anonymous_1)
FNF:2
FNH:1
FNDA:6,(anonymous_0)
FNDA:0,(anonymous_1)
DA:1,3
DA:2,6
DA:3,6
DA:5,6
DA:11,6
DA:12,6
DA:13,4
DA:16,0
DA:17,0
DA:18,0
DA:19,0
DA:27,0
DA:29,0
LF:13
LH:7
BRDA:1,0,0,2
BRDA:2,1,0,6
BRDA:2,1,1,2
BRDA:7,2,0,4
BRDA:7,2,1,2
BRDA:11,3,0,6
BRDA:11,3,1,0
BRDA:11,4,0,6
BRDA:11,4,1,6
BRDA:12,5,0,2
BRDA:12,5,1,4
BRDA:16,6,0,0
BRDA:16,6,1,0
BRDA:21,7,0,0
BRDA:21,7,1,0
BRF:15
BRH:10
end_of_record
